<?xml version="1.0" encoding="UTF-8"?>
<!-- Generated by org.testng.reporters.JUnitReportReporter -->
<testsuite skipped="1" hostname="DESKTOP-CMBRRMI" name="com.iNetBankingV2.TestCases.TC_LoginDDT_002" tests="1" failures="0" timestamp="22 Feb 2019 09:17:12 GMT" time="0.000" errors="0">
  <testcase name="loginDDT" time="0.000" classname="com.iNetBankingV2.TestCases.TC_LoginDDT_002">
    <skipped/>
  </testcase> <!-- loginDDT -->
</testsuite> <!-- com.iNetBankingV2.TestCases.TC_LoginDDT_002 -->
